<?xml version="1.0" encoding="UTF-8"?>
<!-- Generated by org.testng.reporters.JUnitReportReporter -->
<testsuite skipped="0" hostname="Asus" name="com.Testing.Keywords.HomePage.ShareLocationButton" tests="1" failures="0" timestamp="04 Jun 2020 04:12:52 GMT" time="31.474" errors="0">
  <testcase name="NotEnterPincode" time="31.474" classname="com.Testing.Keywords.HomePage.ShareLocationButton"/>
</testsuite> <!-- com.Testing.Keywords.HomePage.ShareLocationButton -->
