<?xml version="1.0" encoding="UTF-8"?>
<!-- Generated by org.testng.reporters.JUnitReportReporter -->
<testsuite skipped="0" hostname="Asus" name="com.Testing.Keywords.SignIn.VerifyLogin" tests="1" failures="0" timestamp="29 May 2020 11:20:42 GMT" time="33.740" errors="0">
  <testcase name="ClickOtp" time="33.740" classname="com.Testing.Keywords.SignIn.VerifyLogin"/>
</testsuite> <!-- com.Testing.Keywords.SignIn.VerifyLogin -->
